//------------------------------------------------------------------------------
//--  Generated by TunerStudio 
//--  Date: 10-11-2015
//--  Time: 15:40
//--  This file merely records what was sent to your Controller,        
//--  and may be deleted at any time.                                                    
//--  Selected type: Coolant Temperature Sensor 
//------------------------------------------------------------------------------

//-- generated using refTable Generator:thermGenerator
//-- Table Identifier:000//--    Generated by ThermTableGenerator using user input values. 
//--    Bias Resistor value: 2490 Ohms
//--    Temperature1: 20(C), 	Resistance 1: 2500 Ohms 
//--    Temperature2: 50(C), 	Resistance 2: 800 Ohms 
//--    Temperature3: 90(C), 	Resistance 3: 230 Ohms 
//-- 

//----------------------------------------------------------//
ADC 	Value 	MSVal 	volts
0	180.00	1800 	0.000
1	180.00	1800 	0.005
2	180.00	1800 	0.010
3	180.00	1800 	0.015
4	180.00	1800 	0.020
5	180.00	1800 	0.024
6	180.00	1800 	0.029
7	180.00	1800 	0.034
8	180.00	1800 	0.039
9	180.00	1800 	0.044
10	180.00	1800 	0.049
11	180.00	1800 	0.054
12	180.00	1800 	0.059
13	349.64	3496 	0.063
14	342.43	3424 	0.068
15	335.81	3358 	0.073
16	329.71	3297 	0.078
17	324.06	3241 	0.083
18	318.80	3188 	0.088
19	313.88	3139 	0.093
20	309.26	3093 	0.098
21	304.91	3049 	0.103
22	300.80	3008 	0.107
23	296.92	2969 	0.112
24	293.23	2932 	0.117
25	289.72	2897 	0.122
26	286.37	2864 	0.127
27	283.17	2832 	0.132
28	280.11	2801 	0.137
29	277.18	2772 	0.142
30	274.37	2744 	0.146
31	271.66	2717 	0.151
32	269.06	2691 	0.156
33	266.55	2666 	0.161
34	264.13	2641 	0.166
35	261.79	2618 	0.171
36	259.53	2595 	0.176
37	257.34	2573 	0.181
38	255.22	2552 	0.186
39	253.17	2532 	0.190
40	251.18	2512 	0.195
41	249.24	2492 	0.200
42	247.36	2474 	0.205
43	245.53	2455 	0.210
44	243.74	2437 	0.215
45	242.01	2420 	0.220
46	240.32	2403 	0.225
47	238.67	2387 	0.229
48	237.06	2371 	0.234
49	235.49	2355 	0.239
50	233.96	2340 	0.244
51	232.46	2325 	0.249
52	230.99	2310 	0.254
53	229.56	2296 	0.259
54	228.16	2282 	0.264
55	226.79	2268 	0.269
56	225.44	2254 	0.273
57	224.13	2241 	0.278
58	222.84	2228 	0.283
59	221.57	2216 	0.288
60	220.33	2203 	0.293
61	219.11	2191 	0.298
62	217.92	2179 	0.303
63	216.74	2167 	0.308
64	215.59	2156 	0.313
65	214.46	2145 	0.317
66	213.35	2133 	0.322
67	212.26	2123 	0.327
68	211.18	2112 	0.332
69	210.12	2101 	0.337
70	209.08	2091 	0.342
71	208.06	2081 	0.347
72	207.05	2071 	0.352
73	206.06	2061 	0.356
74	205.09	2051 	0.361
75	204.12	2041 	0.366
76	203.18	2032 	0.371
77	202.24	2022 	0.376
78	201.32	2013 	0.381
79	200.42	2004 	0.386
80	199.52	1995 	0.391
81	198.64	1986 	0.396
82	197.77	1978 	0.400
83	196.92	1969 	0.405
84	196.07	1961 	0.410
85	195.24	1952 	0.415
86	194.41	1944 	0.420
87	193.60	1936 	0.425
88	192.79	1928 	0.430
89	192.00	1920 	0.435
90	191.22	1912 	0.439
91	190.44	1904 	0.444
92	189.68	1897 	0.449
93	188.92	1889 	0.454
94	188.18	1882 	0.459
95	187.44	1874 	0.464
96	186.71	1867 	0.469
97	185.99	1860 	0.474
98	185.28	1853 	0.479
99	184.57	1846 	0.483
100	183.87	1839 	0.488
101	183.19	1832 	0.493
102	182.50	1825 	0.498
103	181.83	1818 	0.503
104	181.16	1812 	0.508
105	180.50	1805 	0.513
106	179.85	1798 	0.518
107	179.20	1792 	0.522
108	178.56	1786 	0.527
109	177.92	1779 	0.532
110	177.30	1773 	0.537
111	176.67	1767 	0.542
112	176.06	1761 	0.547
113	175.45	1754 	0.552
114	174.84	1748 	0.557
115	174.24	1742 	0.562
116	173.65	1737 	0.566
117	173.06	1731 	0.571
118	172.48	1725 	0.576
119	171.91	1719 	0.581
120	171.33	1713 	0.586
121	170.77	1708 	0.591
122	170.21	1702 	0.596
123	169.65	1696 	0.601
124	169.10	1691 	0.605
125	168.55	1685 	0.610
126	168.01	1680 	0.615
127	167.47	1675 	0.620
128	166.94	1669 	0.625
129	166.41	1664 	0.630
130	165.88	1659 	0.635
131	165.36	1654 	0.640
132	164.84	1648 	0.645
133	164.33	1643 	0.649
134	163.82	1638 	0.654
135	163.32	1633 	0.659
136	162.82	1628 	0.664
137	162.32	1623 	0.669
138	161.83	1618 	0.674
139	161.34	1613 	0.679
140	160.86	1609 	0.684
141	160.37	1604 	0.688
142	159.90	1599 	0.693
143	159.42	1594 	0.698
144	158.95	1590 	0.703
145	158.48	1585 	0.708
146	158.02	1580 	0.713
147	157.56	1576 	0.718
148	157.10	1571 	0.723
149	156.64	1566 	0.728
150	156.19	1562 	0.732
151	155.74	1557 	0.737
152	155.30	1553 	0.742
153	154.86	1549 	0.747
154	154.42	1544 	0.752
155	153.98	1540 	0.757
156	153.55	1535 	0.762
157	153.12	1531 	0.767
158	152.69	1527 	0.771
159	152.26	1523 	0.776
160	151.84	1518 	0.781
161	151.42	1514 	0.786
162	151.00	1510 	0.791
163	150.59	1506 	0.796
164	150.18	1502 	0.801
165	149.77	1498 	0.806
166	149.36	1494 	0.811
167	148.95	1490 	0.815
168	148.55	1486 	0.820
169	148.15	1482 	0.825
170	147.76	1478 	0.830
171	147.36	1474 	0.835
172	146.97	1470 	0.840
173	146.58	1466 	0.845
174	146.19	1462 	0.850
175	145.80	1458 	0.854
176	145.42	1454 	0.859
177	145.04	1450 	0.864
178	144.66	1447 	0.869
179	144.28	1443 	0.874
180	143.91	1439 	0.879
181	143.53	1435 	0.884
182	143.16	1432 	0.889
183	142.79	1428 	0.894
184	142.43	1424 	0.898
185	142.06	1421 	0.903
186	141.70	1417 	0.908
187	141.34	1413 	0.913
188	140.98	1410 	0.918
189	140.62	1406 	0.923
190	140.27	1403 	0.928
191	139.91	1399 	0.933
192	139.56	1396 	0.938
193	139.21	1392 	0.942
194	138.86	1389 	0.947
195	138.51	1385 	0.952
196	138.17	1382 	0.957
197	137.83	1378 	0.962
198	137.49	1375 	0.967
199	137.15	1371 	0.972
200	136.81	1368 	0.977
201	136.47	1365 	0.981
202	136.14	1361 	0.986
203	135.80	1358 	0.991
204	135.47	1355 	0.996
205	135.14	1351 	1.001
206	134.81	1348 	1.006
207	134.48	1345 	1.011
208	134.16	1342 	1.016
209	133.83	1338 	1.021
210	133.51	1335 	1.025
211	133.19	1332 	1.030
212	132.87	1329 	1.035
213	132.55	1326 	1.040
214	132.24	1322 	1.045
215	131.92	1319 	1.050
216	131.61	1316 	1.055
217	131.29	1313 	1.060
218	130.98	1310 	1.064
219	130.67	1307 	1.069
220	130.36	1304 	1.074
221	130.06	1301 	1.079
222	129.75	1298 	1.084
223	129.45	1294 	1.089
224	129.14	1291 	1.094
225	128.84	1288 	1.099
226	128.54	1285 	1.104
227	128.24	1282 	1.108
228	127.94	1279 	1.113
229	127.64	1276 	1.118
230	127.35	1273 	1.123
231	127.05	1271 	1.128
232	126.76	1268 	1.133
233	126.47	1265 	1.138
234	126.17	1262 	1.143
235	125.88	1259 	1.147
236	125.59	1256 	1.152
237	125.31	1253 	1.157
238	125.02	1250 	1.162
239	124.73	1247 	1.167
240	124.45	1244 	1.172
241	124.16	1242 	1.177
242	123.88	1239 	1.182
243	123.60	1236 	1.187
244	123.32	1233 	1.191
245	123.04	1230 	1.196
246	122.76	1228 	1.201
247	122.48	1225 	1.206
248	122.21	1222 	1.211
249	121.93	1219 	1.216
250	121.66	1217 	1.221
251	121.38	1214 	1.226
252	121.11	1211 	1.230
253	120.84	1208 	1.235
254	120.57	1206 	1.240
255	120.30	1203 	1.245
256	120.03	1200 	1.250
257	119.76	1198 	1.255
258	119.50	1195 	1.260
259	119.23	1192 	1.265
260	118.97	1190 	1.270
261	118.70	1187 	1.274
262	118.44	1184 	1.279
263	118.18	1182 	1.284
264	117.91	1179 	1.289
265	117.65	1177 	1.294
266	117.39	1174 	1.299
267	117.13	1171 	1.304
268	116.88	1169 	1.309
269	116.62	1166 	1.313
270	116.36	1164 	1.318
271	116.11	1161 	1.323
272	115.85	1159 	1.328
273	115.60	1156 	1.333
274	115.34	1153 	1.338
275	115.09	1151 	1.343
276	114.84	1148 	1.348
277	114.59	1146 	1.353
278	114.34	1143 	1.357
279	114.09	1141 	1.362
280	113.84	1138 	1.367
281	113.59	1136 	1.372
282	113.35	1133 	1.377
283	113.10	1131 	1.382
284	112.85	1129 	1.387
285	112.61	1126 	1.392
286	112.37	1124 	1.396
287	112.12	1121 	1.401
288	111.88	1119 	1.406
289	111.64	1116 	1.411
290	111.40	1114 	1.416
291	111.16	1112 	1.421
292	110.92	1109 	1.426
293	110.68	1107 	1.431
294	110.44	1104 	1.436
295	110.20	1102 	1.440
296	109.96	1100 	1.445
297	109.72	1097 	1.450
298	109.49	1095 	1.455
299	109.25	1093 	1.460
300	109.02	1090 	1.465
301	108.78	1088 	1.470
302	108.55	1086 	1.475
303	108.32	1083 	1.479
304	108.09	1081 	1.484
305	107.85	1079 	1.489
306	107.62	1076 	1.494
307	107.39	1074 	1.499
308	107.16	1072 	1.504
309	106.93	1069 	1.509
310	106.71	1067 	1.514
311	106.48	1065 	1.519
312	106.25	1062 	1.523
313	106.02	1060 	1.528
314	105.80	1058 	1.533
315	105.57	1056 	1.538
316	105.35	1053 	1.543
317	105.12	1051 	1.548
318	104.90	1049 	1.553
319	104.67	1047 	1.558
320	104.45	1045 	1.563
321	104.23	1042 	1.567
322	104.01	1040 	1.572
323	103.78	1038 	1.577
324	103.56	1036 	1.582
325	103.34	1033 	1.587
326	103.12	1031 	1.592
327	102.90	1029 	1.597
328	102.69	1027 	1.602
329	102.47	1025 	1.606
330	102.25	1022 	1.611
331	102.03	1020 	1.616
332	101.82	1018 	1.621
333	101.60	1016 	1.626
334	101.38	1014 	1.631
335	101.17	1012 	1.636
336	100.95	1010 	1.641
337	100.74	1007 	1.646
338	100.53	1005 	1.650
339	100.31	1003 	1.655
340	100.10	1001 	1.660
341	99.89	999 	1.665
342	99.67	997 	1.670
343	99.46	995 	1.675
344	99.25	993 	1.680
345	99.04	990 	1.685
346	98.83	988 	1.689
347	98.62	986 	1.694
348	98.41	984 	1.699
349	98.20	982 	1.704
350	97.99	980 	1.709
351	97.79	978 	1.714
352	97.58	976 	1.719
353	97.37	974 	1.724
354	97.17	972 	1.729
355	96.96	970 	1.733
356	96.75	968 	1.738
357	96.55	965 	1.743
358	96.34	963 	1.748
359	96.14	961 	1.753
360	95.93	959 	1.758
361	95.73	957 	1.763
362	95.53	955 	1.768
363	95.32	953 	1.772
364	95.12	951 	1.777
365	94.92	949 	1.782
366	94.72	947 	1.787
367	94.51	945 	1.792
368	94.31	943 	1.797
369	94.11	941 	1.802
370	93.91	939 	1.807
371	93.71	937 	1.812
372	93.51	935 	1.816
373	93.31	933 	1.821
374	93.11	931 	1.826
375	92.91	929 	1.831
376	92.72	927 	1.836
377	92.52	925 	1.841
378	92.32	923 	1.846
379	92.12	921 	1.851
380	91.93	919 	1.855
381	91.73	917 	1.860
382	91.53	915 	1.865
383	91.34	913 	1.870
384	91.14	911 	1.875
385	90.95	909 	1.880
386	90.75	908 	1.885
387	90.56	906 	1.890
388	90.36	904 	1.895
389	90.17	902 	1.899
390	89.97	900 	1.904
391	89.78	898 	1.909
392	89.59	896 	1.914
393	89.40	894 	1.919
394	89.20	892 	1.924
395	89.01	890 	1.929
396	88.82	888 	1.934
397	88.63	886 	1.938
398	88.44	884 	1.943
399	88.25	882 	1.948
400	88.05	881 	1.953
401	87.86	879 	1.958
402	87.67	877 	1.963
403	87.48	875 	1.968
404	87.29	873 	1.973
405	87.11	871 	1.978
406	86.92	869 	1.982
407	86.73	867 	1.987
408	86.54	865 	1.992
409	86.35	864 	1.997
410	86.16	862 	2.002
411	85.98	860 	2.007
412	85.79	858 	2.012
413	85.60	856 	2.017
414	85.42	854 	2.021
415	85.23	852 	2.026
416	85.04	850 	2.031
417	84.86	849 	2.036
418	84.67	847 	2.041
419	84.49	845 	2.046
420	84.30	843 	2.051
421	84.12	841 	2.056
422	83.93	839 	2.061
423	83.75	837 	2.065
424	83.56	836 	2.070
425	83.38	834 	2.075
426	83.19	832 	2.080
427	83.01	830 	2.085
428	82.83	828 	2.090
429	82.64	826 	2.095
430	82.46	825 	2.100
431	82.28	823 	2.104
432	82.10	821 	2.109
433	81.91	819 	2.114
434	81.73	817 	2.119
435	81.55	816 	2.124
436	81.37	814 	2.129
437	81.19	812 	2.134
438	81.01	810 	2.139
439	80.83	808 	2.144
440	80.65	806 	2.148
441	80.46	805 	2.153
442	80.28	803 	2.158
443	80.10	801 	2.163
444	79.92	799 	2.168
445	79.75	797 	2.173
446	79.57	796 	2.178
447	79.39	794 	2.183
448	79.21	792 	2.188
449	79.03	790 	2.192
450	78.85	789 	2.197
451	78.67	787 	2.202
452	78.49	785 	2.207
453	78.32	783 	2.212
454	78.14	781 	2.217
455	77.96	780 	2.222
456	77.78	778 	2.227
457	77.61	776 	2.231
458	77.43	774 	2.236
459	77.25	773 	2.241
460	77.07	771 	2.246
461	76.90	769 	2.251
462	76.72	767 	2.256
463	76.55	765 	2.261
464	76.37	764 	2.266
465	76.19	762 	2.271
466	76.02	760 	2.275
467	75.84	758 	2.280
468	75.67	757 	2.285
469	75.49	755 	2.290
470	75.32	753 	2.295
471	75.14	751 	2.300
472	74.97	750 	2.305
473	74.79	748 	2.310
474	74.62	746 	2.314
475	74.44	744 	2.319
476	74.27	743 	2.324
477	74.10	741 	2.329
478	73.92	739 	2.334
479	73.75	737 	2.339
480	73.57	736 	2.344
481	73.40	734 	2.349
482	73.23	732 	2.354
483	73.05	731 	2.358
484	72.88	729 	2.363
485	72.71	727 	2.368
486	72.54	725 	2.373
487	72.36	724 	2.378
488	72.19	722 	2.383
489	72.02	720 	2.388
490	71.85	718 	2.393
491	71.67	717 	2.397
492	71.50	715 	2.402
493	71.33	713 	2.407
494	71.16	712 	2.412
495	70.99	710 	2.417
496	70.82	708 	2.422
497	70.64	706 	2.427
498	70.47	705 	2.432
499	70.30	703 	2.437
500	70.13	701 	2.441
501	69.96	700 	2.446
502	69.79	698 	2.451
503	69.62	696 	2.456
504	69.45	694 	2.461
505	69.28	693 	2.466
506	69.11	691 	2.471
507	68.94	689 	2.476
508	68.77	688 	2.480
509	68.60	686 	2.485
510	68.43	684 	2.490
511	68.26	683 	2.495
512	68.09	681 	2.500
513	67.92	679 	2.505
514	67.75	678 	2.510
515	67.58	676 	2.515
516	67.41	674 	2.520
517	67.24	672 	2.524
518	67.07	671 	2.529
519	66.90	669 	2.534
520	66.74	667 	2.539
521	66.57	666 	2.544
522	66.40	664 	2.549
523	66.23	662 	2.554
524	66.06	661 	2.559
525	65.89	659 	2.563
526	65.72	657 	2.568
527	65.56	656 	2.573
528	65.39	654 	2.578
529	65.22	652 	2.583
530	65.05	651 	2.588
531	64.88	649 	2.593
532	64.71	647 	2.598
533	64.55	645 	2.603
534	64.38	644 	2.607
535	64.21	642 	2.612
536	64.04	640 	2.617
537	63.88	639 	2.622
538	63.71	637 	2.627
539	63.54	635 	2.632
540	63.37	634 	2.637
541	63.21	632 	2.642
542	63.04	630 	2.646
543	62.87	629 	2.651
544	62.70	627 	2.656
545	62.54	625 	2.661
546	62.37	624 	2.666
547	62.20	622 	2.671
548	62.04	620 	2.676
549	61.87	619 	2.681
550	61.70	617 	2.686
551	61.54	615 	2.690
552	61.37	614 	2.695
553	61.20	612 	2.700
554	61.04	610 	2.705
555	60.87	609 	2.710
556	60.70	607 	2.715
557	60.54	605 	2.720
558	60.37	604 	2.725
559	60.20	602 	2.729
560	60.04	600 	2.734
561	59.87	599 	2.739
562	59.70	597 	2.744
563	59.54	595 	2.749
564	59.37	594 	2.754
565	59.20	592 	2.759
566	59.04	590 	2.764
567	58.87	589 	2.769
568	58.71	587 	2.773
569	58.54	585 	2.778
570	58.37	584 	2.783
571	58.21	582 	2.788
572	58.04	580 	2.793
573	57.87	579 	2.798
574	57.71	577 	2.803
575	57.54	575 	2.808
576	57.38	574 	2.813
577	57.21	572 	2.817
578	57.04	570 	2.822
579	56.88	569 	2.827
580	56.71	567 	2.832
581	56.55	565 	2.837
582	56.38	564 	2.842
583	56.21	562 	2.847
584	56.05	560 	2.852
585	55.88	559 	2.856
586	55.72	557 	2.861
587	55.55	555 	2.866
588	55.38	554 	2.871
589	55.22	552 	2.876
590	55.05	551 	2.881
591	54.89	549 	2.886
592	54.72	547 	2.891
593	54.55	546 	2.896
594	54.39	544 	2.900
595	54.22	542 	2.905
596	54.05	541 	2.910
597	53.89	539 	2.915
598	53.72	537 	2.920
599	53.56	536 	2.925
600	53.39	534 	2.930
601	53.22	532 	2.935
602	53.06	531 	2.939
603	52.89	529 	2.944
604	52.73	527 	2.949
605	52.56	526 	2.954
606	52.39	524 	2.959
607	52.23	522 	2.964
608	52.06	521 	2.969
609	51.89	519 	2.974
610	51.73	517 	2.979
611	51.56	516 	2.983
612	51.39	514 	2.988
613	51.23	512 	2.993
614	51.06	511 	2.998
615	50.89	509 	3.003
616	50.73	507 	3.008
617	50.56	506 	3.013
618	50.39	504 	3.018
619	50.23	502 	3.022
620	50.06	501 	3.027
621	49.89	499 	3.032
622	49.73	497 	3.037
623	49.56	496 	3.042
624	49.39	494 	3.047
625	49.23	492 	3.052
626	49.06	491 	3.057
627	48.89	489 	3.062
628	48.73	487 	3.066
629	48.56	486 	3.071
630	48.39	484 	3.076
631	48.22	482 	3.081
632	48.06	481 	3.086
633	47.89	479 	3.091
634	47.72	477 	3.096
635	47.55	476 	3.101
636	47.39	474 	3.105
637	47.22	472 	3.110
638	47.05	470 	3.115
639	46.88	469 	3.120
640	46.71	467 	3.125
641	46.55	465 	3.130
642	46.38	464 	3.135
643	46.21	462 	3.140
644	46.04	460 	3.145
645	45.87	459 	3.149
646	45.70	457 	3.154
647	45.54	455 	3.159
648	45.37	454 	3.164
649	45.20	452 	3.169
650	45.03	450 	3.174
651	44.86	449 	3.179
652	44.69	447 	3.184
653	44.52	445 	3.188
654	44.35	444 	3.193
655	44.18	442 	3.198
656	44.01	440 	3.203
657	43.84	438 	3.208
658	43.67	437 	3.213
659	43.50	435 	3.218
660	43.34	433 	3.223
661	43.17	432 	3.228
662	43.00	430 	3.232
663	42.82	428 	3.237
664	42.65	427 	3.242
665	42.48	425 	3.247
666	42.31	423 	3.252
667	42.14	421 	3.257
668	41.97	420 	3.262
669	41.80	418 	3.267
670	41.63	416 	3.271
671	41.46	415 	3.276
672	41.29	413 	3.281
673	41.12	411 	3.286
674	40.95	409 	3.291
675	40.77	408 	3.296
676	40.60	406 	3.301
677	40.43	404 	3.306
678	40.26	403 	3.311
679	40.09	401 	3.315
680	39.91	399 	3.320
681	39.74	397 	3.325
682	39.57	396 	3.330
683	39.40	394 	3.335
684	39.22	392 	3.340
685	39.05	390 	3.345
686	38.88	389 	3.350
687	38.70	387 	3.354
688	38.53	385 	3.359
689	38.36	384 	3.364
690	38.18	382 	3.369
691	38.01	380 	3.374
692	37.83	378 	3.379
693	37.66	377 	3.384
694	37.48	375 	3.389
695	37.31	373 	3.394
696	37.14	371 	3.398
697	36.96	370 	3.403
698	36.79	368 	3.408
699	36.61	366 	3.413
700	36.43	364 	3.418
701	36.26	363 	3.423
702	36.08	361 	3.428
703	35.91	359 	3.433
704	35.73	357 	3.438
705	35.55	356 	3.442
706	35.38	354 	3.447
707	35.20	352 	3.452
708	35.02	350 	3.457
709	34.85	348 	3.462
710	34.67	347 	3.467
711	34.49	345 	3.472
712	34.31	343 	3.477
713	34.13	341 	3.481
714	33.96	340 	3.486
715	33.78	338 	3.491
716	33.60	336 	3.496
717	33.42	334 	3.501
718	33.24	332 	3.506
719	33.06	331 	3.511
720	32.88	329 	3.516
721	32.70	327 	3.521
722	32.52	325 	3.525
723	32.34	323 	3.530
724	32.16	322 	3.535
725	31.98	320 	3.540
726	31.80	318 	3.545
727	31.62	316 	3.550
728	31.44	314 	3.555
729	31.26	313 	3.560
730	31.07	311 	3.564
731	30.89	309 	3.569
732	30.71	307 	3.574
733	30.53	305 	3.579
734	30.34	303 	3.584
735	30.16	302 	3.589
736	29.98	300 	3.594
737	29.79	298 	3.599
738	29.61	296 	3.604
739	29.42	294 	3.608
740	29.24	292 	3.613
741	29.05	291 	3.618
742	28.87	289 	3.623
743	28.68	287 	3.628
744	28.50	285 	3.633
745	28.31	283 	3.638
746	28.13	281 	3.643
747	27.94	279 	3.647
748	27.75	278 	3.652
749	27.56	276 	3.657
750	27.38	274 	3.662
751	27.19	272 	3.667
752	27.00	270 	3.672
753	26.81	268 	3.677
754	26.62	266 	3.682
755	26.43	264 	3.687
756	26.25	262 	3.691
757	26.06	261 	3.696
758	25.87	259 	3.701
759	25.67	257 	3.706
760	25.48	255 	3.711
761	25.29	253 	3.716
762	25.10	251 	3.721
763	24.91	249 	3.726
764	24.72	247 	3.730
765	24.52	245 	3.735
766	24.33	243 	3.740
767	24.14	241 	3.745
768	23.94	239 	3.750
769	23.75	238 	3.755
770	23.56	236 	3.760
771	23.36	234 	3.765
772	23.17	232 	3.770
773	22.97	230 	3.774
774	22.78	228 	3.779
775	22.58	226 	3.784
776	22.38	224 	3.789
777	22.19	222 	3.794
778	21.99	220 	3.799
779	21.79	218 	3.804
780	21.59	216 	3.809
781	21.39	214 	3.813
782	21.19	212 	3.818
783	20.99	210 	3.823
784	20.79	208 	3.828
785	20.59	206 	3.833
786	20.39	204 	3.838
787	20.19	202 	3.843
788	19.99	200 	3.848
789	19.79	198 	3.853
790	19.58	196 	3.857
791	19.38	194 	3.862
792	19.18	192 	3.867
793	18.97	190 	3.872
794	18.77	188 	3.877
795	18.56	186 	3.882
796	18.36	184 	3.887
797	18.15	182 	3.892
798	17.95	179 	3.896
799	17.74	177 	3.901
800	17.53	175 	3.906
801	17.32	173 	3.911
802	17.11	171 	3.916
803	16.91	169 	3.921
804	16.70	167 	3.926
805	16.49	165 	3.931
806	16.28	163 	3.936
807	16.06	161 	3.940
808	15.85	159 	3.945
809	15.64	156 	3.950
810	15.43	154 	3.955
811	15.21	152 	3.960
812	15.00	150 	3.965
813	14.78	148 	3.970
814	14.57	146 	3.975
815	14.35	144 	3.979
816	14.14	141 	3.984
817	13.92	139 	3.989
818	13.70	137 	3.994
819	13.48	135 	3.999
820	13.27	133 	4.004
821	13.05	130 	4.009
822	12.83	128 	4.014
823	12.61	126 	4.019
824	12.38	124 	4.023
825	12.16	122 	4.028
826	11.94	119 	4.033
827	11.72	117 	4.038
828	11.49	115 	4.043
829	11.27	113 	4.048
830	11.04	110 	4.053
831	10.81	108 	4.058
832	10.59	106 	4.063
833	10.36	104 	4.067
834	10.13	101 	4.072
835	9.90	99 	4.077
836	9.67	97 	4.082
837	9.44	94 	4.087
838	9.21	92 	4.092
839	8.98	90 	4.097
840	8.74	87 	4.102
841	8.51	85 	4.106
842	8.28	83 	4.111
843	8.04	80 	4.116
844	7.80	78 	4.121
845	7.57	76 	4.126
846	7.33	73 	4.131
847	7.09	71 	4.136
848	6.85	69 	4.141
849	6.61	66 	4.146
850	6.37	64 	4.150
851	6.13	61 	4.155
852	5.88	59 	4.160
853	5.64	56 	4.165
854	5.40	54 	4.170
855	5.15	51 	4.175
856	4.90	49 	4.180
857	4.65	47 	4.185
858	4.41	44 	4.189
859	4.16	42 	4.194
860	3.90	39 	4.199
861	3.65	37 	4.204
862	3.40	34 	4.209
863	3.15	31 	4.214
864	2.89	29 	4.219
865	2.64	26 	4.224
866	2.38	24 	4.229
867	2.12	21 	4.233
868	1.86	19 	4.238
869	1.60	16 	4.243
870	1.34	13 	4.248
871	1.08	11 	4.253
872	0.81	8 	4.258
873	0.55	5 	4.263
874	0.28	3 	4.268
875	0.01	0 	4.272
876	-0.26	-3 	4.277
877	-0.53	-5 	4.282
878	-0.80	-8 	4.287
879	-1.07	-11 	4.292
880	-1.34	-13 	4.297
881	-1.62	-16 	4.302
882	-1.89	-19 	4.307
883	-2.17	-22 	4.312
884	-2.45	-25 	4.316
885	-2.73	-27 	4.321
886	-3.01	-30 	4.326
887	-3.30	-33 	4.331
888	-3.58	-36 	4.336
889	-3.87	-39 	4.341
890	-4.16	-42 	4.346
891	-4.45	-44 	4.351
892	-4.74	-47 	4.355
893	-5.03	-50 	4.360
894	-5.32	-53 	4.365
895	-5.62	-56 	4.370
896	-5.92	-59 	4.375
897	-6.22	-62 	4.380
898	-6.52	-65 	4.385
899	-6.82	-68 	4.390
900	-7.12	-71 	4.395
901	-7.43	-74 	4.399
902	-7.74	-77 	4.404
903	-8.05	-80 	4.409
904	-8.36	-84 	4.414
905	-8.67	-87 	4.419
906	-8.99	-90 	4.424
907	-9.31	-93 	4.429
908	-9.62	-96 	4.434
909	-9.95	-99 	4.438
910	-10.27	-103 	4.443
911	-10.60	-106 	4.448
912	-10.92	-109 	4.453
913	-11.25	-113 	4.458
914	-11.59	-116 	4.463
915	-11.92	-119 	4.468
916	-12.26	-123 	4.473
917	-12.60	-126 	4.478
918	-12.94	-129 	4.482
919	-13.28	-133 	4.487
920	-13.63	-136 	4.492
921	-13.98	-140 	4.497
922	-14.33	-143 	4.502
923	-14.68	-147 	4.507
924	-15.04	-150 	4.512
925	-15.40	-154 	4.517
926	-15.76	-158 	4.521
927	-16.13	-161 	4.526
928	-16.49	-165 	4.531
929	-16.86	-169 	4.536
930	-17.24	-172 	4.541
931	-17.62	-176 	4.546
932	-18.00	-180 	4.551
933	-18.38	-184 	4.556
934	-18.77	-188 	4.561
935	-19.16	-192 	4.565
936	-19.55	-196 	4.570
937	-19.95	-199 	4.575
938	-20.35	-203 	4.580
939	-20.75	-208 	4.585
940	-21.16	-212 	4.590
941	-21.57	-216 	4.595
942	-21.99	-220 	4.600
943	-22.41	-224 	4.604
944	-22.83	-228 	4.609
945	-23.26	-233 	4.614
946	-23.69	-237 	4.619
947	-24.13	-241 	4.624
948	-24.57	-246 	4.629
949	-25.02	-250 	4.634
950	-25.47	-255 	4.639
951	-25.93	-259 	4.644
952	-26.39	-264 	4.648
953	-26.85	-269 	4.653
954	-27.32	-273 	4.658
955	-27.80	-278 	4.663
956	-28.28	-283 	4.668
957	-28.77	-288 	4.673
958	-29.27	-293 	4.678
959	-29.77	-298 	4.683
960	-30.27	-303 	4.688
961	-30.79	-308 	4.692
962	-31.31	-313 	4.697
963	-31.84	-318 	4.702
964	-32.37	-324 	4.707
965	-32.91	-329 	4.712
966	-33.46	-335 	4.717
967	-34.02	-340 	4.722
968	-34.58	-346 	4.727
969	-35.16	-352 	4.731
970	-35.74	-357 	4.736
971	-36.33	-363 	4.741
972	-36.93	-369 	4.746
973	-37.54	-375 	4.751
974	-38.17	-382 	4.756
975	-38.80	-388 	4.761
976	-39.44	-394 	4.766
977	180.00	1800 	4.771
978	180.00	1800 	4.775
979	180.00	1800 	4.780
980	180.00	1800 	4.785
981	180.00	1800 	4.790
982	180.00	1800 	4.795
983	180.00	1800 	4.800
984	180.00	1800 	4.805
985	180.00	1800 	4.810
986	180.00	1800 	4.814
987	180.00	1800 	4.819
988	180.00	1800 	4.824
989	180.00	1800 	4.829
990	180.00	1800 	4.834
991	180.00	1800 	4.839
992	180.00	1800 	4.844
993	180.00	1800 	4.849
994	180.00	1800 	4.854
995	180.00	1800 	4.858
996	180.00	1800 	4.863
997	180.00	1800 	4.868
998	180.00	1800 	4.873
999	180.00	1800 	4.878
1000	180.00	1800 	4.883
1001	180.00	1800 	4.888
1002	180.00	1800 	4.893
1003	180.00	1800 	4.897
1004	180.00	1800 	4.902
1005	180.00	1800 	4.907
1006	180.00	1800 	4.912
1007	180.00	1800 	4.917
1008	180.00	1800 	4.922
1009	180.00	1800 	4.927
1010	180.00	1800 	4.932
1011	180.00	1800 	4.937
1012	180.00	1800 	4.941
1013	180.00	1800 	4.946
1014	180.00	1800 	4.951
1015	180.00	1800 	4.956
1016	180.00	1800 	4.961
1017	180.00	1800 	4.966
1018	180.00	1800 	4.971
1019	180.00	1800 	4.976
1020	180.00	1800 	4.980
1021	180.00	1800 	4.985
1022	180.00	1800 	4.990
1023	180.00	1800 	4.995
