//------------------------------------------------------------------------------
//--  Generated by TunerStudio 
//--  Date: 10-10-2015
//--  Time: 15:33
//--  This file merely records what was sent to your Controller,        
//--  and may be deleted at any time.                                                    
//--  Selected type: AFR Table 
//------------------------------------------------------------------------------

//-- generated using formula: 9.72 + (adcValue * 0.0096665) 
//-- Table Identifier:002

ADC 	Value 	MSVal 	volts
0	9.72	97 	0.000
1	9.73	97 	0.005
2	9.74	97 	0.010
3	9.75	97 	0.015
4	9.76	98 	0.020
5	9.77	98 	0.024
6	9.78	98 	0.029
7	9.79	98 	0.034
8	9.80	98 	0.039
9	9.81	98 	0.044
10	9.82	98 	0.049
11	9.83	98 	0.054
12	9.84	98 	0.059
13	9.85	98 	0.063
14	9.86	99 	0.068
15	9.86	99 	0.073
16	9.87	99 	0.078
17	9.88	99 	0.083
18	9.89	99 	0.088
19	9.90	99 	0.093
20	9.91	99 	0.098
21	9.92	99 	0.103
22	9.93	99 	0.107
23	9.94	99 	0.112
24	9.95	100 	0.117
25	9.96	100 	0.122
26	9.97	100 	0.127
27	9.98	100 	0.132
28	9.99	100 	0.137
29	10.00	100 	0.142
30	10.01	100 	0.146
31	10.02	100 	0.151
32	10.03	100 	0.156
33	10.04	100 	0.161
34	10.05	100 	0.166
35	10.06	101 	0.171
36	10.07	101 	0.176
37	10.08	101 	0.181
38	10.09	101 	0.186
39	10.10	101 	0.190
40	10.11	101 	0.195
41	10.12	101 	0.200
42	10.13	101 	0.205
43	10.14	101 	0.210
44	10.15	101 	0.215
45	10.15	102 	0.220
46	10.16	102 	0.225
47	10.17	102 	0.229
48	10.18	102 	0.234
49	10.19	102 	0.239
50	10.20	102 	0.244
51	10.21	102 	0.249
52	10.22	102 	0.254
53	10.23	102 	0.259
54	10.24	102 	0.264
55	10.25	103 	0.269
56	10.26	103 	0.273
57	10.27	103 	0.278
58	10.28	103 	0.283
59	10.29	103 	0.288
60	10.30	103 	0.293
61	10.31	103 	0.298
62	10.32	103 	0.303
63	10.33	103 	0.308
64	10.34	103 	0.313
65	10.35	103 	0.317
66	10.36	104 	0.322
67	10.37	104 	0.327
68	10.38	104 	0.332
69	10.39	104 	0.337
70	10.40	104 	0.342
71	10.41	104 	0.347
72	10.42	104 	0.352
73	10.43	104 	0.356
74	10.44	104 	0.361
75	10.44	104 	0.366
76	10.45	105 	0.371
77	10.46	105 	0.376
78	10.47	105 	0.381
79	10.48	105 	0.386
80	10.49	105 	0.391
81	10.50	105 	0.396
82	10.51	105 	0.400
83	10.52	105 	0.405
84	10.53	105 	0.410
85	10.54	105 	0.415
86	10.55	106 	0.420
87	10.56	106 	0.425
88	10.57	106 	0.430
89	10.58	106 	0.435
90	10.59	106 	0.439
91	10.60	106 	0.444
92	10.61	106 	0.449
93	10.62	106 	0.454
94	10.63	106 	0.459
95	10.64	106 	0.464
96	10.65	106 	0.469
97	10.66	107 	0.474
98	10.67	107 	0.479
99	10.68	107 	0.483
100	10.69	107 	0.488
101	10.70	107 	0.493
102	10.71	107 	0.498
103	10.72	107 	0.503
104	10.73	107 	0.508
105	10.73	107 	0.513
106	10.74	107 	0.518
107	10.75	108 	0.522
108	10.76	108 	0.527
109	10.77	108 	0.532
110	10.78	108 	0.537
111	10.79	108 	0.542
112	10.80	108 	0.547
113	10.81	108 	0.552
114	10.82	108 	0.557
115	10.83	108 	0.562
116	10.84	108 	0.566
117	10.85	109 	0.571
118	10.86	109 	0.576
119	10.87	109 	0.581
120	10.88	109 	0.586
121	10.89	109 	0.591
122	10.90	109 	0.596
123	10.91	109 	0.601
124	10.92	109 	0.605
125	10.93	109 	0.610
126	10.94	109 	0.615
127	10.95	109 	0.620
128	10.96	110 	0.625
129	10.97	110 	0.630
130	10.98	110 	0.635
131	10.99	110 	0.640
132	11.00	110 	0.645
133	11.01	110 	0.649
134	11.02	110 	0.654
135	11.02	110 	0.659
136	11.03	110 	0.664
137	11.04	110 	0.669
138	11.05	111 	0.674
139	11.06	111 	0.679
140	11.07	111 	0.684
141	11.08	111 	0.688
142	11.09	111 	0.693
143	11.10	111 	0.698
144	11.11	111 	0.703
145	11.12	111 	0.708
146	11.13	111 	0.713
147	11.14	111 	0.718
148	11.15	112 	0.723
149	11.16	112 	0.728
150	11.17	112 	0.732
151	11.18	112 	0.737
152	11.19	112 	0.742
153	11.20	112 	0.747
154	11.21	112 	0.752
155	11.22	112 	0.757
156	11.23	112 	0.762
157	11.24	112 	0.767
158	11.25	112 	0.771
159	11.26	113 	0.776
160	11.27	113 	0.781
161	11.28	113 	0.786
162	11.29	113 	0.791
163	11.30	113 	0.796
164	11.31	113 	0.801
165	11.31	113 	0.806
166	11.32	113 	0.811
167	11.33	113 	0.815
168	11.34	113 	0.820
169	11.35	114 	0.825
170	11.36	114 	0.830
171	11.37	114 	0.835
172	11.38	114 	0.840
173	11.39	114 	0.845
174	11.40	114 	0.850
175	11.41	114 	0.854
176	11.42	114 	0.859
177	11.43	114 	0.864
178	11.44	114 	0.869
179	11.45	115 	0.874
180	11.46	115 	0.879
181	11.47	115 	0.884
182	11.48	115 	0.889
183	11.49	115 	0.894
184	11.50	115 	0.898
185	11.51	115 	0.903
186	11.52	115 	0.908
187	11.53	115 	0.913
188	11.54	115 	0.918
189	11.55	115 	0.923
190	11.56	116 	0.928
191	11.57	116 	0.933
192	11.58	116 	0.938
193	11.59	116 	0.942
194	11.60	116 	0.947
195	11.60	116 	0.952
196	11.61	116 	0.957
197	11.62	116 	0.962
198	11.63	116 	0.967
199	11.64	116 	0.972
200	11.65	117 	0.977
201	11.66	117 	0.981
202	11.67	117 	0.986
203	11.68	117 	0.991
204	11.69	117 	0.996
205	11.70	117 	1.001
206	11.71	117 	1.006
207	11.72	117 	1.011
208	11.73	117 	1.016
209	11.74	117 	1.021
210	11.75	117 	1.025
211	11.76	118 	1.030
212	11.77	118 	1.035
213	11.78	118 	1.040
214	11.79	118 	1.045
215	11.80	118 	1.050
216	11.81	118 	1.055
217	11.82	118 	1.060
218	11.83	118 	1.064
219	11.84	118 	1.069
220	11.85	118 	1.074
221	11.86	119 	1.079
222	11.87	119 	1.084
223	11.88	119 	1.089
224	11.89	119 	1.094
225	11.89	119 	1.099
226	11.90	119 	1.104
227	11.91	119 	1.108
228	11.92	119 	1.113
229	11.93	119 	1.118
230	11.94	119 	1.123
231	11.95	120 	1.128
232	11.96	120 	1.133
233	11.97	120 	1.138
234	11.98	120 	1.143
235	11.99	120 	1.147
236	12.00	120 	1.152
237	12.01	120 	1.157
238	12.02	120 	1.162
239	12.03	120 	1.167
240	12.04	120 	1.172
241	12.05	120 	1.177
242	12.06	121 	1.182
243	12.07	121 	1.187
244	12.08	121 	1.191
245	12.09	121 	1.196
246	12.10	121 	1.201
247	12.11	121 	1.206
248	12.12	121 	1.211
249	12.13	121 	1.216
250	12.14	121 	1.221
251	12.15	121 	1.226
252	12.16	122 	1.230
253	12.17	122 	1.235
254	12.18	122 	1.240
255	12.18	122 	1.245
256	12.19	122 	1.250
257	12.20	122 	1.255
258	12.21	122 	1.260
259	12.22	122 	1.265
260	12.23	122 	1.270
261	12.24	122 	1.274
262	12.25	123 	1.279
263	12.26	123 	1.284
264	12.27	123 	1.289
265	12.28	123 	1.294
266	12.29	123 	1.299
267	12.30	123 	1.304
268	12.31	123 	1.309
269	12.32	123 	1.313
270	12.33	123 	1.318
271	12.34	123 	1.323
272	12.35	123 	1.328
273	12.36	124 	1.333
274	12.37	124 	1.338
275	12.38	124 	1.343
276	12.39	124 	1.348
277	12.40	124 	1.353
278	12.41	124 	1.357
279	12.42	124 	1.362
280	12.43	124 	1.367
281	12.44	124 	1.372
282	12.45	124 	1.377
283	12.46	125 	1.382
284	12.47	125 	1.387
285	12.47	125 	1.392
286	12.48	125 	1.396
287	12.49	125 	1.401
288	12.50	125 	1.406
289	12.51	125 	1.411
290	12.52	125 	1.416
291	12.53	125 	1.421
292	12.54	125 	1.426
293	12.55	126 	1.431
294	12.56	126 	1.436
295	12.57	126 	1.440
296	12.58	126 	1.445
297	12.59	126 	1.450
298	12.60	126 	1.455
299	12.61	126 	1.460
300	12.62	126 	1.465
301	12.63	126 	1.470
302	12.64	126 	1.475
303	12.65	126 	1.479
304	12.66	127 	1.484
305	12.67	127 	1.489
306	12.68	127 	1.494
307	12.69	127 	1.499
308	12.70	127 	1.504
309	12.71	127 	1.509
310	12.72	127 	1.514
311	12.73	127 	1.519
312	12.74	127 	1.523
313	12.75	127 	1.528
314	12.76	128 	1.533
315	12.76	128 	1.538
316	12.77	128 	1.543
317	12.78	128 	1.548
318	12.79	128 	1.553
319	12.80	128 	1.558
320	12.81	128 	1.563
321	12.82	128 	1.567
322	12.83	128 	1.572
323	12.84	128 	1.577
324	12.85	129 	1.582
325	12.86	129 	1.587
326	12.87	129 	1.592
327	12.88	129 	1.597
328	12.89	129 	1.602
329	12.90	129 	1.606
330	12.91	129 	1.611
331	12.92	129 	1.616
332	12.93	129 	1.621
333	12.94	129 	1.626
334	12.95	129 	1.631
335	12.96	130 	1.636
336	12.97	130 	1.641
337	12.98	130 	1.646
338	12.99	130 	1.650
339	13.00	130 	1.655
340	13.01	130 	1.660
341	13.02	130 	1.665
342	13.03	130 	1.670
343	13.04	130 	1.675
344	13.05	130 	1.680
345	13.05	131 	1.685
346	13.06	131 	1.689
347	13.07	131 	1.694
348	13.08	131 	1.699
349	13.09	131 	1.704
350	13.10	131 	1.709
351	13.11	131 	1.714
352	13.12	131 	1.719
353	13.13	131 	1.724
354	13.14	131 	1.729
355	13.15	132 	1.733
356	13.16	132 	1.738
357	13.17	132 	1.743
358	13.18	132 	1.748
359	13.19	132 	1.753
360	13.20	132 	1.758
361	13.21	132 	1.763
362	13.22	132 	1.768
363	13.23	132 	1.772
364	13.24	132 	1.777
365	13.25	132 	1.782
366	13.26	133 	1.787
367	13.27	133 	1.792
368	13.28	133 	1.797
369	13.29	133 	1.802
370	13.30	133 	1.807
371	13.31	133 	1.812
372	13.32	133 	1.816
373	13.33	133 	1.821
374	13.34	133 	1.826
375	13.34	133 	1.831
376	13.35	134 	1.836
377	13.36	134 	1.841
378	13.37	134 	1.846
379	13.38	134 	1.851
380	13.39	134 	1.855
381	13.40	134 	1.860
382	13.41	134 	1.865
383	13.42	134 	1.870
384	13.43	134 	1.875
385	13.44	134 	1.880
386	13.45	135 	1.885
387	13.46	135 	1.890
388	13.47	135 	1.895
389	13.48	135 	1.899
390	13.49	135 	1.904
391	13.50	135 	1.909
392	13.51	135 	1.914
393	13.52	135 	1.919
394	13.53	135 	1.924
395	13.54	135 	1.929
396	13.55	135 	1.934
397	13.56	136 	1.938
398	13.57	136 	1.943
399	13.58	136 	1.948
400	13.59	136 	1.953
401	13.60	136 	1.958
402	13.61	136 	1.963
403	13.62	136 	1.968
404	13.63	136 	1.973
405	13.63	136 	1.978
406	13.64	136 	1.982
407	13.65	137 	1.987
408	13.66	137 	1.992
409	13.67	137 	1.997
410	13.68	137 	2.002
411	13.69	137 	2.007
412	13.70	137 	2.012
413	13.71	137 	2.017
414	13.72	137 	2.021
415	13.73	137 	2.026
416	13.74	137 	2.031
417	13.75	138 	2.036
418	13.76	138 	2.041
419	13.77	138 	2.046
420	13.78	138 	2.051
421	13.79	138 	2.056
422	13.80	138 	2.061
423	13.81	138 	2.065
424	13.82	138 	2.070
425	13.83	138 	2.075
426	13.84	138 	2.080
427	13.85	138 	2.085
428	13.86	139 	2.090
429	13.87	139 	2.095
430	13.88	139 	2.100
431	13.89	139 	2.104
432	13.90	139 	2.109
433	13.91	139 	2.114
434	13.92	139 	2.119
435	13.92	139 	2.124
436	13.93	139 	2.129
437	13.94	139 	2.134
438	13.95	140 	2.139
439	13.96	140 	2.144
440	13.97	140 	2.148
441	13.98	140 	2.153
442	13.99	140 	2.158
443	14.00	140 	2.163
444	14.01	140 	2.168
445	14.02	140 	2.173
446	14.03	140 	2.178
447	14.04	140 	2.183
448	14.05	141 	2.188
449	14.06	141 	2.192
450	14.07	141 	2.197
451	14.08	141 	2.202
452	14.09	141 	2.207
453	14.10	141 	2.212
454	14.11	141 	2.217
455	14.12	141 	2.222
456	14.13	141 	2.227
457	14.14	141 	2.231
458	14.15	141 	2.236
459	14.16	142 	2.241
460	14.17	142 	2.246
461	14.18	142 	2.251
462	14.19	142 	2.256
463	14.20	142 	2.261
464	14.21	142 	2.266
465	14.21	142 	2.271
466	14.22	142 	2.275
467	14.23	142 	2.280
468	14.24	142 	2.285
469	14.25	143 	2.290
470	14.26	143 	2.295
471	14.27	143 	2.300
472	14.28	143 	2.305
473	14.29	143 	2.310
474	14.30	143 	2.314
475	14.31	143 	2.319
476	14.32	143 	2.324
477	14.33	143 	2.329
478	14.34	143 	2.334
479	14.35	144 	2.339
480	14.36	144 	2.344
481	14.37	144 	2.349
482	14.38	144 	2.354
483	14.39	144 	2.358
484	14.40	144 	2.363
485	14.41	144 	2.368
486	14.42	144 	2.373
487	14.43	144 	2.378
488	14.44	144 	2.383
489	14.45	144 	2.388
490	14.46	145 	2.393
491	14.47	145 	2.397
492	14.48	145 	2.402
493	14.49	145 	2.407
494	14.50	145 	2.412
495	14.50	145 	2.417
496	14.51	145 	2.422
497	14.52	145 	2.427
498	14.53	145 	2.432
499	14.54	145 	2.437
500	14.55	146 	2.441
501	14.56	146 	2.446
502	14.57	146 	2.451
503	14.58	146 	2.456
504	14.59	146 	2.461
505	14.60	146 	2.466
506	14.61	146 	2.471
507	14.62	146 	2.476
508	14.63	146 	2.480
509	14.64	146 	2.485
510	14.65	146 	2.490
511	14.66	147 	2.495
512	14.67	147 	2.500
513	14.68	147 	2.505
514	14.69	147 	2.510
515	14.70	147 	2.515
516	14.71	147 	2.520
517	14.72	147 	2.524
518	14.73	147 	2.529
519	14.74	147 	2.534
520	14.75	147 	2.539
521	14.76	148 	2.544
522	14.77	148 	2.549
523	14.78	148 	2.554
524	14.79	148 	2.559
525	14.79	148 	2.563
526	14.80	148 	2.568
527	14.81	148 	2.573
528	14.82	148 	2.578
529	14.83	148 	2.583
530	14.84	148 	2.588
531	14.85	149 	2.593
532	14.86	149 	2.598
533	14.87	149 	2.603
534	14.88	149 	2.607
535	14.89	149 	2.612
536	14.90	149 	2.617
537	14.91	149 	2.622
538	14.92	149 	2.627
539	14.93	149 	2.632
540	14.94	149 	2.637
541	14.95	149 	2.642
542	14.96	150 	2.646
543	14.97	150 	2.651
544	14.98	150 	2.656
545	14.99	150 	2.661
546	15.00	150 	2.666
547	15.01	150 	2.671
548	15.02	150 	2.676
549	15.03	150 	2.681
550	15.04	150 	2.686
551	15.05	150 	2.690
552	15.06	151 	2.695
553	15.07	151 	2.700
554	15.08	151 	2.705
555	15.08	151 	2.710
556	15.09	151 	2.715
557	15.10	151 	2.720
558	15.11	151 	2.725
559	15.12	151 	2.729
560	15.13	151 	2.734
561	15.14	151 	2.739
562	15.15	152 	2.744
563	15.16	152 	2.749
564	15.17	152 	2.754
565	15.18	152 	2.759
566	15.19	152 	2.764
567	15.20	152 	2.769
568	15.21	152 	2.773
569	15.22	152 	2.778
570	15.23	152 	2.783
571	15.24	152 	2.788
572	15.25	152 	2.793
573	15.26	153 	2.798
574	15.27	153 	2.803
575	15.28	153 	2.808
576	15.29	153 	2.813
577	15.30	153 	2.817
578	15.31	153 	2.822
579	15.32	153 	2.827
580	15.33	153 	2.832
581	15.34	153 	2.837
582	15.35	153 	2.842
583	15.36	154 	2.847
584	15.37	154 	2.852
585	15.37	154 	2.856
586	15.38	154 	2.861
587	15.39	154 	2.866
588	15.40	154 	2.871
589	15.41	154 	2.876
590	15.42	154 	2.881
591	15.43	154 	2.886
592	15.44	154 	2.891
593	15.45	155 	2.896
594	15.46	155 	2.900
595	15.47	155 	2.905
596	15.48	155 	2.910
597	15.49	155 	2.915
598	15.50	155 	2.920
599	15.51	155 	2.925
600	15.52	155 	2.930
601	15.53	155 	2.935
602	15.54	155 	2.939
603	15.55	155 	2.944
604	15.56	156 	2.949
605	15.57	156 	2.954
606	15.58	156 	2.959
607	15.59	156 	2.964
608	15.60	156 	2.969
609	15.61	156 	2.974
610	15.62	156 	2.979
611	15.63	156 	2.983
612	15.64	156 	2.988
613	15.65	156 	2.993
614	15.66	157 	2.998
615	15.66	157 	3.003
616	15.67	157 	3.008
617	15.68	157 	3.013
618	15.69	157 	3.018
619	15.70	157 	3.022
620	15.71	157 	3.027
621	15.72	157 	3.032
622	15.73	157 	3.037
623	15.74	157 	3.042
624	15.75	158 	3.047
625	15.76	158 	3.052
626	15.77	158 	3.057
627	15.78	158 	3.062
628	15.79	158 	3.066
629	15.80	158 	3.071
630	15.81	158 	3.076
631	15.82	158 	3.081
632	15.83	158 	3.086
633	15.84	158 	3.091
634	15.85	158 	3.096
635	15.86	159 	3.101
636	15.87	159 	3.105
637	15.88	159 	3.110
638	15.89	159 	3.115
639	15.90	159 	3.120
640	15.91	159 	3.125
641	15.92	159 	3.130
642	15.93	159 	3.135
643	15.94	159 	3.140
644	15.95	159 	3.145
645	15.95	160 	3.149
646	15.96	160 	3.154
647	15.97	160 	3.159
648	15.98	160 	3.164
649	15.99	160 	3.169
650	16.00	160 	3.174
651	16.01	160 	3.179
652	16.02	160 	3.184
653	16.03	160 	3.188
654	16.04	160 	3.193
655	16.05	161 	3.198
656	16.06	161 	3.203
657	16.07	161 	3.208
658	16.08	161 	3.213
659	16.09	161 	3.218
660	16.10	161 	3.223
661	16.11	161 	3.228
662	16.12	161 	3.232
663	16.13	161 	3.237
664	16.14	161 	3.242
665	16.15	161 	3.247
666	16.16	162 	3.252
667	16.17	162 	3.257
668	16.18	162 	3.262
669	16.19	162 	3.267
670	16.20	162 	3.271
671	16.21	162 	3.276
672	16.22	162 	3.281
673	16.23	162 	3.286
674	16.24	162 	3.291
675	16.24	162 	3.296
676	16.25	163 	3.301
677	16.26	163 	3.306
678	16.27	163 	3.311
679	16.28	163 	3.315
680	16.29	163 	3.320
681	16.30	163 	3.325
682	16.31	163 	3.330
683	16.32	163 	3.335
684	16.33	163 	3.340
685	16.34	163 	3.345
686	16.35	164 	3.350
687	16.36	164 	3.354
688	16.37	164 	3.359
689	16.38	164 	3.364
690	16.39	164 	3.369
691	16.40	164 	3.374
692	16.41	164 	3.379
693	16.42	164 	3.384
694	16.43	164 	3.389
695	16.44	164 	3.394
696	16.45	164 	3.398
697	16.46	165 	3.403
698	16.47	165 	3.408
699	16.48	165 	3.413
700	16.49	165 	3.418
701	16.50	165 	3.423
702	16.51	165 	3.428
703	16.52	165 	3.433
704	16.53	165 	3.438
705	16.53	165 	3.442
706	16.54	165 	3.447
707	16.55	166 	3.452
708	16.56	166 	3.457
709	16.57	166 	3.462
710	16.58	166 	3.467
711	16.59	166 	3.472
712	16.60	166 	3.477
713	16.61	166 	3.481
714	16.62	166 	3.486
715	16.63	166 	3.491
716	16.64	166 	3.496
717	16.65	167 	3.501
718	16.66	167 	3.506
719	16.67	167 	3.511
720	16.68	167 	3.516
721	16.69	167 	3.521
722	16.70	167 	3.525
723	16.71	167 	3.530
724	16.72	167 	3.535
725	16.73	167 	3.540
726	16.74	167 	3.545
727	16.75	167 	3.550
728	16.76	168 	3.555
729	16.77	168 	3.560
730	16.78	168 	3.564
731	16.79	168 	3.569
732	16.80	168 	3.574
733	16.81	168 	3.579
734	16.82	168 	3.584
735	16.82	168 	3.589
736	16.83	168 	3.594
737	16.84	168 	3.599
738	16.85	169 	3.604
739	16.86	169 	3.608
740	16.87	169 	3.613
741	16.88	169 	3.618
742	16.89	169 	3.623
743	16.90	169 	3.628
744	16.91	169 	3.633
745	16.92	169 	3.638
746	16.93	169 	3.643
747	16.94	169 	3.647
748	16.95	170 	3.652
749	16.96	170 	3.657
750	16.97	170 	3.662
751	16.98	170 	3.667
752	16.99	170 	3.672
753	17.00	170 	3.677
754	17.01	170 	3.682
755	17.02	170 	3.687
756	17.03	170 	3.691
757	17.04	170 	3.696
758	17.05	170 	3.701
759	17.06	171 	3.706
760	17.07	171 	3.711
761	17.08	171 	3.716
762	17.09	171 	3.721
763	17.10	171 	3.726
764	17.11	171 	3.730
765	17.11	171 	3.735
766	17.12	171 	3.740
767	17.13	171 	3.745
768	17.14	171 	3.750
769	17.15	172 	3.755
770	17.16	172 	3.760
771	17.17	172 	3.765
772	17.18	172 	3.770
773	17.19	172 	3.774
774	17.20	172 	3.779
775	17.21	172 	3.784
776	17.22	172 	3.789
777	17.23	172 	3.794
778	17.24	172 	3.799
779	17.25	173 	3.804
780	17.26	173 	3.809
781	17.27	173 	3.813
782	17.28	173 	3.818
783	17.29	173 	3.823
784	17.30	173 	3.828
785	17.31	173 	3.833
786	17.32	173 	3.838
787	17.33	173 	3.843
788	17.34	173 	3.848
789	17.35	173 	3.853
790	17.36	174 	3.857
791	17.37	174 	3.862
792	17.38	174 	3.867
793	17.39	174 	3.872
794	17.40	174 	3.877
795	17.40	174 	3.882
796	17.41	174 	3.887
797	17.42	174 	3.892
798	17.43	174 	3.896
799	17.44	174 	3.901
800	17.45	175 	3.906
801	17.46	175 	3.911
802	17.47	175 	3.916
803	17.48	175 	3.921
804	17.49	175 	3.926
805	17.50	175 	3.931
806	17.51	175 	3.936
807	17.52	175 	3.940
808	17.53	175 	3.945
809	17.54	175 	3.950
810	17.55	175 	3.955
811	17.56	176 	3.960
812	17.57	176 	3.965
813	17.58	176 	3.970
814	17.59	176 	3.975
815	17.60	176 	3.979
816	17.61	176 	3.984
817	17.62	176 	3.989
818	17.63	176 	3.994
819	17.64	176 	3.999
820	17.65	176 	4.004
821	17.66	177 	4.009
822	17.67	177 	4.014
823	17.68	177 	4.019
824	17.69	177 	4.023
825	17.69	177 	4.028
826	17.70	177 	4.033
827	17.71	177 	4.038
828	17.72	177 	4.043
829	17.73	177 	4.048
830	17.74	177 	4.053
831	17.75	178 	4.058
832	17.76	178 	4.063
833	17.77	178 	4.067
834	17.78	178 	4.072
835	17.79	178 	4.077
836	17.80	178 	4.082
837	17.81	178 	4.087
838	17.82	178 	4.092
839	17.83	178 	4.097
840	17.84	178 	4.102
841	17.85	178 	4.106
842	17.86	179 	4.111
843	17.87	179 	4.116
844	17.88	179 	4.121
845	17.89	179 	4.126
846	17.90	179 	4.131
847	17.91	179 	4.136
848	17.92	179 	4.141
849	17.93	179 	4.146
850	17.94	179 	4.150
851	17.95	179 	4.155
852	17.96	180 	4.160
853	17.97	180 	4.165
854	17.98	180 	4.170
855	17.98	180 	4.175
856	17.99	180 	4.180
857	18.00	180 	4.185
858	18.01	180 	4.189
859	18.02	180 	4.194
860	18.03	180 	4.199
861	18.04	180 	4.204
862	18.05	181 	4.209
863	18.06	181 	4.214
864	18.07	181 	4.219
865	18.08	181 	4.224
866	18.09	181 	4.229
867	18.10	181 	4.233
868	18.11	181 	4.238
869	18.12	181 	4.243
870	18.13	181 	4.248
871	18.14	181 	4.253
872	18.15	181 	4.258
873	18.16	182 	4.263
874	18.17	182 	4.268
875	18.18	182 	4.272
876	18.19	182 	4.277
877	18.20	182 	4.282
878	18.21	182 	4.287
879	18.22	182 	4.292
880	18.23	182 	4.297
881	18.24	182 	4.302
882	18.25	182 	4.307
883	18.26	183 	4.312
884	18.27	183 	4.316
885	18.27	183 	4.321
886	18.28	183 	4.326
887	18.29	183 	4.331
888	18.30	183 	4.336
889	18.31	183 	4.341
890	18.32	183 	4.346
891	18.33	183 	4.351
892	18.34	183 	4.355
893	18.35	184 	4.360
894	18.36	184 	4.365
895	18.37	184 	4.370
896	18.38	184 	4.375
897	18.39	184 	4.380
898	18.40	184 	4.385
899	18.41	184 	4.390
900	18.42	184 	4.395
901	18.43	184 	4.399
902	18.44	184 	4.404
903	18.45	184 	4.409
904	18.46	185 	4.414
905	18.47	185 	4.419
906	18.48	185 	4.424
907	18.49	185 	4.429
908	18.50	185 	4.434
909	18.51	185 	4.438
910	18.52	185 	4.443
911	18.53	185 	4.448
912	18.54	185 	4.453
913	18.55	185 	4.458
914	18.56	186 	4.463
915	18.56	186 	4.468
916	18.57	186 	4.473
917	18.58	186 	4.478
918	18.59	186 	4.482
919	18.60	186 	4.487
920	18.61	186 	4.492
921	18.62	186 	4.497
922	18.63	186 	4.502
923	18.64	186 	4.507
924	18.65	187 	4.512
925	18.66	187 	4.517
926	18.67	187 	4.521
927	18.68	187 	4.526
928	18.69	187 	4.531
929	18.70	187 	4.536
930	18.71	187 	4.541
931	18.72	187 	4.546
932	18.73	187 	4.551
933	18.74	187 	4.556
934	18.75	187 	4.561
935	18.76	188 	4.565
936	18.77	188 	4.570
937	18.78	188 	4.575
938	18.79	188 	4.580
939	18.80	188 	4.585
940	18.81	188 	4.590
941	18.82	188 	4.595
942	18.83	188 	4.600
943	18.84	188 	4.604
944	18.85	188 	4.609
945	18.85	189 	4.614
946	18.86	189 	4.619
947	18.87	189 	4.624
948	18.88	189 	4.629
949	18.89	189 	4.634
950	18.90	189 	4.639
951	18.91	189 	4.644
952	18.92	189 	4.648
953	18.93	189 	4.653
954	18.94	189 	4.658
955	18.95	190 	4.663
956	18.96	190 	4.668
957	18.97	190 	4.673
958	18.98	190 	4.678
959	18.99	190 	4.683
960	19.00	190 	4.688
961	19.01	190 	4.692
962	19.02	190 	4.697
963	19.03	190 	4.702
964	19.04	190 	4.707
965	19.05	190 	4.712
966	19.06	191 	4.717
967	19.07	191 	4.722
968	19.08	191 	4.727
969	19.09	191 	4.731
970	19.10	191 	4.736
971	19.11	191 	4.741
972	19.12	191 	4.746
973	19.13	191 	4.751
974	19.14	191 	4.756
975	19.14	191 	4.761
976	19.15	192 	4.766
977	19.16	192 	4.771
978	19.17	192 	4.775
979	19.18	192 	4.780
980	19.19	192 	4.785
981	19.20	192 	4.790
982	19.21	192 	4.795
983	19.22	192 	4.800
984	19.23	192 	4.805
985	19.24	192 	4.810
986	19.25	193 	4.814
987	19.26	193 	4.819
988	19.27	193 	4.824
989	19.28	193 	4.829
990	19.29	193 	4.834
991	19.30	193 	4.839
992	19.31	193 	4.844
993	19.32	193 	4.849
994	19.33	193 	4.854
995	19.34	193 	4.858
996	19.35	193 	4.863
997	19.36	194 	4.868
998	19.37	194 	4.873
999	19.38	194 	4.878
1000	19.39	194 	4.883
1001	19.40	194 	4.888
1002	19.41	194 	4.893
1003	19.42	194 	4.897
1004	19.43	194 	4.902
1005	19.43	194 	4.907
1006	19.44	194 	4.912
1007	19.45	195 	4.917
1008	19.46	195 	4.922
1009	19.47	195 	4.927
1010	19.48	195 	4.932
1011	19.49	195 	4.937
1012	19.50	195 	4.941
1013	19.51	195 	4.946
1014	19.52	195 	4.951
1015	19.53	195 	4.956
1016	19.54	195 	4.961
1017	19.55	196 	4.966
1018	19.56	196 	4.971
1019	19.57	196 	4.976
1020	19.58	196 	4.980
1021	19.59	196 	4.985
1022	19.60	196 	4.990
1023	19.61	196 	4.995
